[INFO] Scanning for projects...
[INFO] 
[INFO] -------------------< com.gurgaonHomes:gurgaonHomes >--------------------
[INFO] Building gurgaonHomes 0.0.1-SNAPSHOT
[INFO]   from pom.xml
[INFO] --------------------------------[ jar ]---------------------------------
[INFO] 
[INFO] --- clean:3.5.0:clean (default-clean) @ gurgaonHomes ---
[INFO] Deleting D:\gurgaon_homes\backend\gurgaonHomes\target
[INFO] 
[INFO] --- resources:3.3.1:resources (default-resources) @ gurgaonHomes ---
[INFO] Copying 1 resource from src\main\resources to target\classes
[INFO] Copying 0 resource from src\main\resources to target\classes
[INFO] 
[INFO] --- compiler:3.14.1:compile (default-compile) @ gurgaonHomes ---
[INFO] Recompiling the module because of changed source code.
[INFO] Compiling 18 source files with javac [debug parameters release 21] to target\classes
[INFO] ------------------------------------------------------------------------
[INFO] BUILD SUCCESS
[INFO] ------------------------------------------------------------------------
[INFO] Total time:  9.320 s
[INFO] Finished at: 2026-02-05T22:48:18+05:30
[INFO] ------------------------------------------------------------------------
